Method 'SystemVoidCosmosSystemKernelStart', ID = '0'
Method 'SystemVoidCosmosIL2CPURuntimeEngineInitializeApplication', ID = '1'
Method 'SystemVoidCosmosIL2CPURuntimeEngineFinalizeApplicationSystemInt32', ID = '2'
Method 'SystemVoidCosmosIL2CPUVTablesImplSetMethodInfoSystemInt32SystemInt32SystemUInt32SystemUInt32', ID = '3'
Method 'SystemBooleanCosmosIL2CPUVTablesImplIsInstanceSystemUInt32SystemUInt32', ID = '4'
Method 'SystemVoidCosmosIL2CPUVTablesImplSetTypeInfoSystemInt32SystemUInt32SystemUInt32arraySystemUInt32arraySystemUInt32', ID = '5'
Method 'SystemUInt32CosmosIL2CPUVTablesImplGetMethodAddressForTypeSystemUInt32SystemUInt32', ID = '6'
Method 'SystemVoidCosmosIL2CPUExceptionHelperThrowNotImplementedSystemString', ID = '10'
Method 'SystemVoidCosmosIL2CPUExceptionHelperThrowOverflow', ID = '11'
Method 'SystemVoidCosmosIL2CPUExceptionHelperThrowInvalidOperationSystemString', ID = '12'
Method 'SystemVoidCosmosIL2CPUExceptionHelperThrowArgumentOutOfRangeSystemString', ID = '13'
Method 'SystemVoidSystemArrayctor', ID = '15'
Method 'SystemDelegatearraySystemMulticastDelegateGetInvocationList', ID = '16'
Method 'SystemVoidEncodedOSKernelctor', ID = '18'
Method 'SystemVoidCosmosDebugKernelDebuggerSendSystemString', ID = '23'
Method 'SystemVoidCosmosHALBootstrapInit', ID = '27'
Method 'CosmosHALTextScreenBaseCosmosSystemKernelGetTextScreen', ID = '28'
Method 'SystemVoidCosmosSystemGlobalInitCosmosHALTextScreenBase', ID = '29'
Method 'SystemVoidCosmosHALPS2Keyboardctor', ID = '30'
Method 'SystemVoidCosmosSystemKeyboardManagerAddKeyboardCosmosHALKeyboardBase', ID = '31'
Method 'SystemVoidCosmosSystemKernelBeforeRun', ID = '32'
Method 'SystemVoidCosmosHALGlobalEnableInterrupts', ID = '33'
Method 'SystemVoidCosmosSystemKernelAfterRun', ID = '35'
Method 'SystemVoidCosmosIL2CPURuntimeEngineInitializeEngine', ID = '39'
Method 'SystemVoidCosmosIL2CPURuntimeEngineHeap_Initialize', ID = '40'
Method 'SystemVoidCosmosIL2CPURuntimeEngineFinalizeEngine', ID = '42'
Method 'SystemVoidCosmosIL2CPURuntimeEngineExitProcessSystemInt32', ID = '43'
Method 'SystemVoidCosmosIL2CPUVTablesImplDebugAndHaltSystemString', ID = '48'
Method 'SystemVoidCosmosIL2CPUVTablesImplDebugSystemString', ID = '50'
Method 'SystemVoidCosmosIL2CPUVTablesImplDebugHexSystemStringSystemUInt32', ID = '51'
Method 'SystemVoidCosmosDebugKernelPlugsAsmDebuggerSendKernelPanicSystemUInt32', ID = '56'
Method 'SystemVoidCosmosCorePlugsGCImplementionImplIncRefCountSystemUInt32', ID = '62'
Method 'SystemVoidCosmosCorePlugsGCImplementionImplDecRefCountSystemUInt32', ID = '63'
Method 'SystemUInt32CosmosCorePlugsGCImplementionImplAllocNewObjectSystemUInt32', ID = '64'
Method 'SystemVoidSystemNotImplementedExceptionctorSystemString', ID = '66'
Method 'SystemVoidSystemOverflowExceptionctorSystemString', ID = '67'
Method 'SystemVoidSystemInvalidOperationExceptionctorSystemString', ID = '68'
Method 'SystemVoidSystemArgumentOutOfRangeExceptionctorSystemString', ID = '69'
Method 'SystemDelegatearraySystemDelegateGetInvocationList', ID = '74'
Method 'SystemInt32SystemIntPtrop_ExplicitSystemIntPtr', ID = '77'
Method 'SystemVoidCosmosSystemFileSystemCosmosVFSctor', ID = '79'
Method 'SystemVoidCosmosSystemKernelctor', ID = '80'
Method 'SystemVoidCosmosSystemGlobalcctor', ID = '82'
Method 'SystemVoidCosmosCorePlugsSystemExceptionImplCtorSystemString', ID = '86'
Method 'SystemVoidCosmosCoreBootstrapInit', ID = '88'
Method 'SystemVoidCosmosSystemConsolectorCosmosHALTextScreenBase', ID = '90'
Method 'SystemVoidCosmosHALGlobalInitCosmosHALTextScreenBase', ID = '92'
Method 'SystemVoidCosmosSystemGlobalset_NumLockSystemBoolean', ID = '93'
Method 'SystemVoidCosmosSystemGlobalset_CapsLockSystemBoolean', ID = '94'
Method 'SystemVoidCosmosSystemGlobalset_ScrollLockSystemBoolean', ID = '95'
Method 'SystemVoidCosmosHALKeyboardBasector', ID = '100'
Method 'SystemVoidCosmosSystemKeyboardManagerHandleScanCodeSystemByteSystemBoolean', ID = '103'
Method 'SystemVoidCosmosCorePlugsAsmDelegateImplCtorSystemObjectSystemIntPtr', ID = '192'
Method 'SystemVoidSystemCollectionsGenericList1CosmosHALKeyboardBaseAddCosmosHALKeyboardBase', ID = '106'
Method 'SystemVoidEncodedOSKernelBeforeRun', ID = '107'
Method 'SystemVoidCosmosCoreCommonCPUEnableInterrupts', ID = '109'
Method 'SystemVoidEncodedOSKernelRun', ID = '110'
Method 'SystemVoidCosmosSystemPlugsSystemConsoleImplWriteLineSystemString', ID = '112'
Method 'SystemStringSystemValueTypeToString', ID = '113'
Method 'SystemStringSystemStringToString', ID = '114'
Method 'SystemStringSystemBooleanToString', ID = '117'
Method 'SystemStringCosmosCorePlugsSystemObjectImplToString', ID = '119'
Method 'SystemVoidCosmosIL2CPURuntimeEnginecctor', ID = '120'
Method 'SystemVoidCosmosIL2CPUVTablesImplcctor', ID = '121'
Method 'SystemVoidSystemBooleancctor', ID = '122'
Method 'SystemVoidCosmosDebugKernelDebuggerSendNumberSystemUInt32', ID = '124'
Method 'SystemVoidCosmosCommonKernelPanicTypescctor', ID = '125'
Method 'SystemVoidCosmosCoreMemoryOldGlobalSystemInfoEnsureInitialized', ID = '128'
Method 'SystemUInt32CosmosCoreMemoryOldHeapMemAllocSystemUInt32', ID = '129'
Method 'SystemVoidSystemSystemExceptionctorSystemString', ID = '131'
Method 'SystemVoidSystemExceptionSetErrorCodeSystemInt32', ID = '132'
Method 'SystemVoidSystemArithmeticExceptionctorSystemString', ID = '134'
Method 'SystemStringSystemArgumentOutOfRangeExceptionget_RangeMessage', ID = '137'
Method 'SystemVoidSystemArgumentExceptionctorSystemStringSystemString', ID = '138'
Method 'SystemVoidCosmosCorePlugsSystemObjectImplCtor', ID = '139'
Method 'SystemVoidCosmosSystemFileSystemVFSVFSBasector', ID = '142'
Method 'SystemVoidCosmosDebugKernelDebuggerctorSystemStringSystemString', ID = '143'
Method 'SystemVoidCosmosDebugKernelPlugsAsmDebuggerDoSendSystemString', ID = '145'
Method 'SystemVoidSystemExceptioncctor', ID = '146'
Method 'SystemVoidCosmosCoreINTsDummy', ID = '150'
Method 'SystemVoidCosmosCorePICctor', ID = '151'
Method 'SystemVoidCosmosHALTextScreenctor', ID = '159'
Method 'SystemVoidCosmosCoreGlobalInit', ID = '162'
Method 'SystemVoidCosmosHALGlobalInitStaticDevices', ID = '163'
Method 'SystemVoidCosmosHALGlobalInitPciDevices', ID = '164'
Method 'SystemVoidCosmosHALGlobalInitAtaCosmosHALBlockDeviceAtaControllerIdEnumCosmosHALBlockDeviceAtaBusPositionEnum', ID = '165'
Method 'SystemVoidCosmosSystemKeyboardManagerset_NumLockSystemBoolean', ID = '166'
Method 'SystemVoidCosmosSystemKeyboardManagerset_CapsLockSystemBoolean', ID = '167'
Method 'SystemVoidCosmosSystemKeyboardManagerset_ScrollLockSystemBoolean', ID = '168'
Method 'SystemVoidCosmosCoreGlobalcctor', ID = '169'
Method 'SystemVoidCosmosCoreBaseIOGroupscctor', ID = '170'
Method 'SystemVoidCosmosHALDevicector', ID = '171'
Method 'SystemVoidCosmosSystemKeyboardManagercctor', ID = '174'
Method 'SystemBooleanCosmosSystemScanMapBaseScanCodeMatchesKeySystemByteCosmosSystemConsoleKeyEx', ID = '177'
Method 'SystemBooleanCosmosSystemKeyboardManagerget_CapsLock', ID = '178'
Method 'SystemVoidCosmosSystemKeyboardManagerUpdateLeds', ID = '179'
Method 'SystemBooleanCosmosSystemKeyboardManagerget_NumLock', ID = '180'
Method 'SystemBooleanCosmosSystemKeyboardManagerget_ScrollLock', ID = '181'
Method 'SystemVoidCosmosSystemKeyboardManagerset_ControlPressedSystemBoolean', ID = '182'
Method 'SystemVoidCosmosSystemKeyboardManagerset_ShiftPressedSystemBoolean', ID = '183'
Method 'SystemVoidCosmosSystemKeyboardManagerset_AltPressedSystemBoolean', ID = '184'
Method 'SystemBooleanCosmosSystemKeyboardManagerget_ControlPressed', ID = '185'
Method 'SystemBooleanCosmosSystemKeyboardManagerget_AltPressed', ID = '186'
Method 'SystemVoidCosmosSystemConsoleWriteLineSystemString', ID = '187'
Method 'SystemVoidCosmosSystemPowerReboot', ID = '188'
Method 'SystemBooleanCosmosSystemKeyboardManagerGetKeySystemByteCosmosSystemKeyEvent', ID = '189'
Method 'SystemVoidCosmosSystemKeyboardManagerEnqueueCosmosSystemKeyEvent', ID = '190'
Method 'SystemVoidSystemCollectionsGenericList1CosmosHALKeyboardBaseEnsureCapacitySystemInt32', ID = '194'
Method 'SystemVoidCosmosSystemFileSystemVFSVFSManagerRegisterVFSCosmosSystemFileSystemVFSVFSBase', ID = '195'
Method 'SystemBooleanEncodedOSSystemFilesystemCheckFileSystem', ID = '202'
Method 'SystemBooleanSystemStringop_EqualitySystemStringSystemString', ID = '204'
Method 'SystemVoidEncodedOSSystemFilesystemCreateFileSystem', ID = '205'
Method 'SystemStringSystemEnvironmentget_NewLine', ID = '207'
Method 'SystemStringSystemStringConcatSystemStringSystemStringSystemStringSystemString', ID = '208'
Method 'SystemBooleanSystemStringop_InequalitySystemStringSystemString', ID = '211'
Method 'SystemStringarraySystemStringSplitSystemChararray', ID = '214'
Method 'SystemStringSystemStringConcatSystemStringSystemString', ID = '215'
Method 'SystemVoidEncodedOSSystemUserctor', ID = '219'
Method 'SystemVoidEncodedOSSystemUserInitilizeUserSystemStringSystemInt32', ID = '220'
Method 'SystemVoidCosmosHALGlobalcctor', ID = '223'
Method 'SystemUInt32PrivateImplementationDetailsComputeStringHashSystemString', ID = '227'
Method 'SystemVoidEncodedOSToolsFormatSetToBegin', ID = '229'
Method 'SystemStringarraySystemStringSplitSystemStringarraySystemStringSplitOptions', ID = '232'
Method 'SystemStringarrayEncodedOSSystemFilesystemReadAllLinesSystemString', ID = '233'
Method 'SystemStringSystemStringConcatSystemStringSystemStringSystemString', ID = '234'
Method 'SystemVoidSystemConsolecctor', ID = '235'
Method 'CosmosSystemConsoleCosmosSystemPlugsSystemConsoleImplGetConsole', ID = '237'
Method 'SystemVoidCosmosSystemConsoleWriteSystemString', ID = '238'
Method 'SystemVoidCosmosSystemConsoleNewLine', ID = '239'
Method 'SystemStringCosmosSystemPlugsSystemInt32ImplToString', ID = '241'
Method 'SystemStringCosmosSystemPlugsSystemUInt32ImplToString', ID = '242'
Method 'SystemStringCosmosCorePlugsSystemExceptionImplToString', ID = '243'
Method 'SystemUInt32CosmosCoreMemoryOldGlobalSystemInfoget_TotalDataLookupTableSize', ID = '255'
Method 'SystemBooleanCosmosCoreCommonCPUDisableInterrupts', ID = '259'
Method 'SystemVoidCosmosCoreMemoryOldHeapEnsureIsInitialized', ID = '260'
Method 'CosmosCoreMemoryOldGlobalInformationTablepointerCosmosCoreMemoryOldGlobalSystemInfoget_GlobalInformationTable', ID = '262'
Method 'SystemBooleanCosmosCoreMemoryOldHeapScanDataLookupTableSystemUInt32CosmosCoreMemoryOldDataLookupTablepointerSystemUInt32SystemUInt32', ID = '263'
Method 'CosmosCoreMemoryOldDataLookupEntrypointerCosmosCoreMemoryOldDataLookupTableGetEntrySystemUInt32', ID = '266'
Method 'SystemVoidCosmosCoreMemoryOldHeapClearMemorySystemVoidpointerSystemUInt32', ID = '268'
Method 'SystemVoidSystemExceptionset_HResultSystemInt32', ID = '270'
Method 'SystemVoidCosmosDebugKernelDebuggerset_mSectionSystemString', ID = '277'
Method 'SystemVoidCosmosCoreBootstrapcctor', ID = '279'
Method 'SystemVoidCosmosCoreINTsHandleInterrupt_DefaultCosmosCoreINTsIRQContext', ID = '282'
Method 'SystemVoidCosmosCoreINTsHandleInterrupt_00CosmosCoreINTsIRQContext', ID = '283'
Method 'SystemVoidCosmosCoreINTsHandleInterrupt_01CosmosCoreINTsIRQContext', ID = '284'
Method 'SystemVoidCosmosCoreINTsHandleInterrupt_02CosmosCoreINTsIRQContext', ID = '285'
Method 'SystemVoidCosmosCoreINTsHandleInterrupt_03CosmosCoreINTsIRQContext', ID = '286'
Method 'SystemVoidCosmosCoreINTsHandleInterrupt_04CosmosCoreINTsIRQContext', ID = '287'
Method 'SystemVoidCosmosCoreINTsHandleInterrupt_05CosmosCoreINTsIRQContext', ID = '288'
Method 'SystemVoidCosmosCoreINTsHandleInterrupt_06CosmosCoreINTsIRQContext', ID = '289'
Method 'SystemVoidCosmosCoreINTsHandleInterrupt_07CosmosCoreINTsIRQContext', ID = '290'
Method 'SystemVoidCosmosCoreINTsHandleInterrupt_08CosmosCoreINTsIRQContext', ID = '291'
Method 'SystemVoidCosmosCoreINTsHandleInterrupt_09CosmosCoreINTsIRQContext', ID = '292'
Method 'SystemVoidCosmosCoreINTsHandleInterrupt_0ACosmosCoreINTsIRQContext', ID = '293'
Method 'SystemVoidCosmosCoreINTsHandleInterrupt_0BCosmosCoreINTsIRQContext', ID = '294'
Method 'SystemVoidCosmosCoreINTsHandleInterrupt_0CCosmosCoreINTsIRQContext', ID = '295'
Method 'SystemVoidCosmosCoreINTsHandleInterrupt_0DCosmosCoreINTsIRQContext', ID = '296'
Method 'SystemVoidCosmosCoreINTsHandleInterrupt_0ECosmosCoreINTsIRQContext', ID = '297'
Method 'SystemVoidCosmosCoreINTsHandleInterrupt_0FCosmosCoreINTsIRQContext', ID = '298'
Method 'SystemVoidCosmosCoreINTsHandleInterrupt_10CosmosCoreINTsIRQContext', ID = '299'
Method 'SystemVoidCosmosCoreINTsHandleInterrupt_11CosmosCoreINTsIRQContext', ID = '300'
Method 'SystemVoidCosmosCoreINTsHandleInterrupt_12CosmosCoreINTsIRQContext', ID = '301'
Method 'SystemVoidCosmosCoreINTsHandleInterrupt_13CosmosCoreINTsIRQContext', ID = '302'
Method 'SystemVoidCosmosCoreINTsHandleInterrupt_20CosmosCoreINTsIRQContext', ID = '303'
Method 'SystemVoidCosmosCoreINTsHandleInterrupt_21CosmosCoreINTsIRQContext', ID = '304'
Method 'SystemVoidCosmosCoreINTsHandleInterrupt_22CosmosCoreINTsIRQContext', ID = '305'
Method 'SystemVoidCosmosCoreINTsHandleInterrupt_23CosmosCoreINTsIRQContext', ID = '306'
Method 'SystemVoidCosmosCoreINTsHandleInterrupt_24CosmosCoreINTsIRQContext', ID = '307'
Method 'SystemVoidCosmosCoreINTsHandleInterrupt_25CosmosCoreINTsIRQContext', ID = '308'
Method 'SystemVoidCosmosCoreINTsHandleInterrupt_26CosmosCoreINTsIRQContext', ID = '309'
Method 'SystemVoidCosmosCoreINTsHandleInterrupt_27CosmosCoreINTsIRQContext', ID = '310'
Method 'SystemVoidCosmosCoreINTsHandleInterrupt_28CosmosCoreINTsIRQContext', ID = '311'
Method 'SystemVoidCosmosCoreINTsHandleInterrupt_29CosmosCoreINTsIRQContext', ID = '312'
Method 'SystemVoidCosmosCoreINTsHandleInterrupt_2ACosmosCoreINTsIRQContext', ID = '313'
Method 'SystemVoidCosmosCoreINTsHandleInterrupt_2BCosmosCoreINTsIRQContext', ID = '314'
Method 'SystemVoidCosmosCoreINTsHandleInterrupt_2CCosmosCoreINTsIRQContext', ID = '315'
Method 'SystemVoidCosmosCoreINTsHandleInterrupt_2DCosmosCoreINTsIRQContext', ID = '316'
Method 'SystemVoidCosmosCoreINTsHandleInterrupt_2ECosmosCoreINTsIRQContext', ID = '317'
Method 'SystemVoidCosmosCoreINTsHandleInterrupt_2FCosmosCoreINTsIRQContext', ID = '318'
Method 'SystemVoidCosmosCoreINTsHandleInterrupt_30CosmosCoreINTsIRQContext', ID = '319'
Method 'SystemVoidCosmosCoreINTsHandleInterrupt_35CosmosCoreINTsIRQContext', ID = '320'
Method 'SystemVoidCosmosCoreINTsHandleInterrupt_40CosmosCoreINTsIRQContext', ID = '321'
Method 'SystemVoidCosmosCoreINTsHandleInterrupt_41CosmosCoreINTsIRQContext', ID = '322'
Method 'SystemVoidCosmosCoreINTsHandleInterrupt_42CosmosCoreINTsIRQContext', ID = '323'
Method 'SystemVoidCosmosCoreINTsHandleInterrupt_43CosmosCoreINTsIRQContext', ID = '324'
Method 'SystemVoidCosmosCoreINTsHandleInterrupt_44CosmosCoreINTsIRQContext', ID = '325'
Method 'SystemVoidCosmosCoreINTsHandleInterrupt_45CosmosCoreINTsIRQContext', ID = '326'
Method 'SystemVoidCosmosCoreINTsHandleInterrupt_46CosmosCoreINTsIRQContext', ID = '327'
Method 'SystemVoidCosmosCoreINTsHandleInterrupt_47CosmosCoreINTsIRQContext', ID = '328'
Method 'SystemVoidCosmosCoreINTsHandleInterrupt_48CosmosCoreINTsIRQContext', ID = '329'
Method 'SystemVoidCosmosCoreINTsHandleInterrupt_49CosmosCoreINTsIRQContext', ID = '330'
Method 'SystemVoidCosmosCoreIOGroupPICctorSystemBoolean', ID = '332'
Method 'SystemVoidCosmosCorePICRemapSystemByteSystemByteSystemByteSystemByte', ID = '333'
Method 'SystemVoidCosmosCorePlugsAsmCPUImplUpdateIDTSystemBoolean', ID = '334'
Method 'SystemVoidCosmosCorePlugsAsmCPUImplInitSSE', ID = '335'
Method 'SystemVoidCosmosCorePlugsAsmCPUImplInitFloat', ID = '336'
Method 'SystemVoidCosmosCoreIOGroupTextScreenctor', ID = '338'
Method 'SystemVoidCosmosHALTextScreenBasector', ID = '339'
Method 'SystemVoidCosmosHALPCISetup', ID = '348'
Method 'SystemVoidCosmosHALBlockDeviceAtaPioctorCosmosCoreIOGroupATACosmosHALBlockDeviceAtaControllerIdEnumCosmosHALBlockDeviceAtaBusPositionEnum', ID = '351'
Method 'CosmosHALBlockDeviceAtaPioSpecLevelCosmosHALBlockDeviceAtaPioget_DriveType', ID = '352'
Method 'SystemVoidSystemCollectionsGenericList1CosmosHALBlockDeviceBlockDeviceAddCosmosHALBlockDeviceBlockDevice', ID = '355'
Method 'SystemVoidCosmosHALBlockDeviceMBRctorSystemBytearray', ID = '359'
Method 'SystemVoidCosmosHALBlockDeviceEBRctorSystemBytearray', ID = '361'
Method 'SystemInt32SystemCollectionsGenericList1CosmosHALBlockDeviceEBRPartInfoget_Count', ID = '363'
Method 'SystemInt32SystemCollectionsGenericList1CosmosHALBlockDeviceMBRPartInfoget_Count', ID = '364'
Method 'SystemVoidCosmosDebugKernelDebuggerSendNumberSystemInt32', ID = '365'
Method 'CosmosHALBlockDeviceMBRPartInfoSystemCollectionsGenericList1CosmosHALBlockDeviceMBRPartInfoget_ItemSystemInt32', ID = '366'
Method 'SystemStringSystemStringConcatSystemObjectSystemObject', ID = '367'
Method 'SystemVoidCosmosHALBlockDevicePartitionctorCosmosHALBlockDeviceBlockDeviceSystemUInt64SystemUInt64', ID = '369'
Method 'SystemVoidCosmosCoreBaseIOGroupsctor', ID = '374'
Method 'SystemVoidCosmosCoreIOGroupMousector', ID = '375'
Method 'SystemVoidCosmosCoreIOGroupPCSpeakerctor', ID = '377'
Method 'SystemVoidCosmosHALPS2KeyboardInitialize', ID = '379'
Method 'SystemVoidCosmosHALPS2KeyboardUpdateLeds', ID = '380'
Method 'SystemVoidSystemCollectionsGenericList1CosmosHALKeyboardBasector', ID = '381'
Method 'SystemVoidCosmosSystemScanMapsUS_Standardctor', ID = '382'
Method 'SystemVoidSystemCollectionsGenericQueue1CosmosSystemKeyEventctor', ID = '383'
Method 'CosmosSystemKeyMappingSystemCollectionsGenericList1CosmosSystemKeyMappingget_ItemSystemInt32', ID = '388'
Method 'SystemInt32SystemCollectionsGenericList1CosmosSystemKeyMappingget_Count', ID = '390'
Method 'SystemCollectionsGenericList1EnumeratorCosmosHALKeyboardBaseSystemCollectionsGenericList1CosmosHALKeyboardBaseGetEnumerator', ID = '391'
Method 'CosmosHALKeyboardBaseSystemCollectionsGenericList1EnumeratorCosmosHALKeyboardBaseget_Current', ID = '392'
Method 'SystemBooleanSystemCollectionsGenericList1EnumeratorCosmosHALKeyboardBaseMoveNext', ID = '393'
Method 'SystemVoidCosmosHALPowerReboot', ID = '400'
Method 'SystemBooleanCosmosSystemKeyboardManagerget_ShiftPressed', ID = '402'
Method 'CosmosSystemKeyEventCosmosSystemScanMapBaseConvertScanCodeSystemByteSystemBooleanSystemBooleanSystemBooleanSystemBooleanSystemBooleanSystemBoolean', ID = '403'
Method 'SystemVoidSystemCollectionsGenericQueue1CosmosSystemKeyEventEnqueueCosmosSystemKeyEvent', ID = '405'
Method 'SystemVoidSystemNotImplementedExceptionctor', ID = '407'
Method 'SystemVoidSystemCollectionsGenericList1CosmosHALKeyboardBasecctor', ID = '408'
Method 'SystemVoidSystemCollectionsGenericList1CosmosHALKeyboardBaseset_CapacitySystemInt32', ID = '409'
Method 'SystemVoidCosmosSystemPlugsSystemConsoleImplClear', ID = '413'
Method 'SystemVoidEncodedOSSystemVariablescctor', ID = '414'
Method 'SystemBooleanCosmosSystemPlugsSystemIOFileImplExistsSystemString', ID = '416'
Method 'SystemIOFileStreamCosmosSystemPlugsSystemIOFileImplCreateSystemString', ID = '418'
Method 'SystemVoidCosmosSystemPlugsSystemIOFileImplWriteAllTextSystemStringSystemString', ID = '419'
Method 'SystemStringarrayCosmosSystemPlugsSystemIOFileImplReadAllLinesSystemString', ID = '423'
Method 'SystemBooleanSystemStringEqualsSystemStringSystemString', ID = '424'
Method 'SystemStringSystemStringConcatSystemStringarray', ID = '425'
Method 'SystemVoidCosmosDebugKernelPlugsAsmDebuggerBreak', ID = '426'
Method 'SystemBooleanSystemStringIsNullOrEmptySystemString', ID = '428'
Method 'SystemVoidSystemStringFillStringCheckedSystemStringSystemInt32SystemString', ID = '431'
Method 'SystemVoidCosmosSystemPlugsSystemConsoleImplWriteSystemString', ID = '432'
Method 'SystemStringCosmosSystemPlugsSystemConsoleImplReadLine', ID = '433'
Method 'SystemVoidSystemCharcctor', ID = '434'
Method 'SystemStringSystemCharToString', ID = '435'
Method 'SystemStringarraySystemStringSplitInternalSystemChararraySystemInt32SystemStringSplitOptions', ID = '437'
Method 'SystemBooleanCosmosCorePlugsSystemStringImplContainsSystemString', ID = '438'
Method 'SystemInt32CosmosSystemPlugsSystemInt32ImplParseSystemString', ID = '439'
Method 'SystemStringSystemArgumentOutOfRangeExceptionget_Message', ID = '440'
Method 'SystemStringSystemArgumentExceptionget_Message', ID = '441'
Method 'SystemStringCosmosCorePlugsSystemExceptionImplget_Message', ID = '442'
Method 'SystemVoidCosmosCorePlugsAsmCPUImplDoEnableInterrupts', ID = '443'
Method 'SystemStringarraySystemStringSplitSystemStringarraySystemInt32SystemStringSplitOptions', ID = '449'
Method 'SystemVoidCosmosSystemPlugsSystemConsoleImplcctor', ID = '453'
Method 'SystemVoidCosmosSystemConsoleUpdateCursor', ID = '455'
Method 'SystemVoidCosmosSystemConsoleWriteCharSystemChar', ID = '456'
Method 'SystemTypeCosmosCorePlugsSystemObjectImplGetType', ID = '459'
Method 'SystemStringCosmosCommonStringHelperGetNumberStringSystemInt32', ID = '462'
Method 'SystemStringCosmosCommonStringHelperGetNumberStringSystemUInt32', ID = '465'
Method 'SystemVoidCosmosCorePlugsSystemObjectImplcctor', ID = '466'
Method 'SystemVoidCosmosDebugKernelPlugsAsmDebuggerDoSendNumberSystemUInt32', ID = '467'
Method 'SystemUInt32CosmosCorePlugsAsmCPUImplGetEndOfKernel', ID = '468'
Method 'SystemVoidCosmosCorePlugsAsmCPUImplZeroFillSystemUInt32SystemUInt32', ID = '469'
Method 'SystemVoidCosmosCoreMemoryOldHeapcctor', ID = '470'
Method 'SystemVoidCosmosCoreMemoryOldHeapDoInitializeSystemUInt32', ID = '474'
Method 'SystemStringCosmosCorePlugsSystemEnvironmentImplGetResourceStringSystemString', ID = '479'
Method 'SystemStringCosmosSystemPlugsSystemIntPtrImplToString', ID = '480'
Method 'SystemVoidCosmosCoreCommonCPUctor', ID = '481'
Method 'SystemVoidCosmosCoreINTscctor', ID = '482'
Method 'CosmosCorePICCosmosCoreGlobalget_PIC', ID = '484'
Method 'SystemVoidCosmosCorePICEoiSlave', ID = '485'
Method 'SystemVoidCosmosCorePICEoiMaster', ID = '486'
Method 'SystemVoidCosmosCoreINTsHandleExceptionSystemUInt32SystemStringSystemStringCosmosCoreINTsIRQContextSystemUInt32', ID = '487'
Method 'SystemVoidCosmosCorePlugsAsmDelegateImplInvoke', ID = '647'
Method 'SystemVoidCosmosCoreINTsIRQSystemUInt32CosmosCoreINTsIRQContext', ID = '491'
Method 'SystemVoidCosmosCoreCommonIOPortctorSystemUInt16', ID = '494'
Method 'SystemVoidCosmosCoreIOGroupIOGroupctor', ID = '495'
Method 'SystemByteCosmosCoreCommonIOPortget_Byte', ID = '496'
Method 'SystemVoidCosmosCoreCommonIOPortset_ByteSystemByte', ID = '497'
Method 'SystemVoidCosmosCoreCommonIOPortWait', ID = '498'
Method 'SystemVoidCosmosCoreMemoryBlockctorSystemUInt32SystemUInt32', ID = '500'
Method 'SystemVoidCosmosHALTextScreenSetColorsSystemConsoleColorSystemConsoleColor', ID = '503'
Method 'SystemUInt16CosmosHALTextScreenget_Cols', ID = '505'
Method 'SystemUInt16CosmosHALTextScreenget_Rows', ID = '506'
Method 'SystemVoidCosmosHALTextScreenSetCursorSizeSystemInt32', ID = '507'
Method 'SystemVoidCosmosHALTextScreenSetCursorVisibleSystemBoolean', ID = '508'
Method 'SystemVoidCosmosSystemPlugsSystemConsoleImplWriteLine', ID = '509'
Method 'SystemVoidCosmosHALPCIEnumerateDevices', ID = '511'
Method 'SystemVoidCosmosHALBlockDeviceAtactor', ID = '516'
Method 'SystemVoidCosmosCoreCommonIOPortWriteset_ByteSystemByte', ID = '517'
Method 'CosmosHALBlockDeviceAtaPioSpecLevelCosmosHALBlockDeviceAtaPioDiscoverDrive', ID = '518'
Method 'SystemVoidCosmosHALBlockDeviceAtaPioInitDrive', ID = '519'
Method 'SystemVoidCosmosHALBlockDeviceBlockDevicecctor', ID = '521'
Method 'SystemVoidSystemCollectionsGenericList1CosmosHALBlockDeviceBlockDeviceEnsureCapacitySystemInt32', ID = '523'
Method 'SystemVoidCosmosHALBlockDeviceAtacctor', ID = '524'
Method 'SystemStringCosmosHALBlockDeviceAtaToString', ID = '525'
Method 'SystemVoidCosmosHALBlockDeviceAtaPioReadBlockSystemUInt64SystemUInt64SystemBytearray', ID = '528'
Method 'SystemVoidSystemCollectionsGenericList1CosmosHALBlockDeviceMBRPartInfoctor', ID = '529'
Method 'SystemVoidCosmosHALBlockDeviceMBRParsePartitionSystemBytearraySystemUInt32', ID = '530'
Method 'SystemVoidSystemCollectionsGenericList1CosmosHALBlockDeviceEBRPartInfoctor', ID = '531'
Method 'SystemVoidCosmosHALBlockDeviceEBRParsePartitionSystemBytearraySystemUInt32', ID = '532'
Method 'SystemVoidSystemThrowHelperThrowArgumentOutOfRangeException', ID = '536'
Method 'SystemVoidCosmosHALBlockDeviceBlockDevicector', ID = '538'
Method 'SystemUInt64CosmosHALBlockDeviceBlockDeviceget_BlockSize', ID = '539'
Method 'SystemVoidCosmosCoreIOGroupKeyboardctor', ID = '540'
Method 'SystemVoidCosmosCoreIOGroupPITctor', ID = '541'
Method 'SystemVoidCosmosCoreIOGroupATActorSystemBoolean', ID = '542'
Method 'SystemVoidCosmosCoreIOGroupRTCctor', ID = '543'
Method 'SystemVoidCosmosCoreIOGroupVBEctor', ID = '544'
Method 'SystemVoidCosmosHALPS2KeyboardHandleIRQCosmosCoreINTsIRQContext', ID = '547'
Method 'SystemVoidCosmosCorePlugsAsmDelegateImplCtorSystemObjectSystemIntPtr', ID = '192'
Method 'SystemVoidCosmosCoreINTsSetIrqHandlerSystemByteCosmosCoreINTsIRQDelegate', ID = '549'
Method 'SystemVoidCosmosSystemScanMapBasector', ID = '552'
Method 'CosmosSystemKeyEventarraySystemArrayEmptyCosmosSystemKeyEvent', ID = '554'
Method 'SystemStringCosmosSystemPlugsSystemByteImplToString', ID = '555'
Method 'SystemVoidSystemCollectionsGenericList1EnumeratorCosmosHALKeyboardBasectorSystemCollectionsGenericList1CosmosHALKeyboardBase', ID = '557'
Method 'SystemBooleanSystemCollectionsGenericList1EnumeratorCosmosHALKeyboardBaseMoveNextRare', ID = '558'
Method 'SystemVoidSystemCollectionsGenericList1EnumeratorCosmosHALKeyboardBaseDispose', ID = '560'
Method 'SystemVoidSystemIOStreamDispose', ID = '561'
Method 'CosmosCoreCommonCPUCosmosCoreGlobalget_CPU', ID = '563'
Method 'SystemVoidCosmosCoreCommonCPUReboot', ID = '564'
Method 'SystemVoidCosmosSystemKeyEventctor', ID = '565'
Method 'SystemConsoleModifiersCosmosSystemKeyEventget_Modifiers', ID = '566'
Method 'SystemVoidCosmosSystemKeyEventset_ModifiersSystemConsoleModifiers', ID = '567'
Method 'SystemVoidCosmosSystemKeyEventset_TypeCosmosSystemKeyEventKeyEventType', ID = '568'
Method 'SystemVoidCosmosSystemKeyEventset_KeyCharSystemChar', ID = '569'
Method 'SystemVoidCosmosSystemKeyEventset_KeyCosmosSystemConsoleKeyEx', ID = '570'
Method 'SystemVoidSystemCollectionsGenericQueue1CosmosSystemKeyEventSetCapacitySystemInt32', ID = '571'
Method 'SystemVoidSystemCollectionsGenericQueue1CosmosSystemKeyEventMoveNextSystemInt32', ID = '572'
Method 'SystemVoidSystemThrowHelperThrowArgumentOutOfRangeExceptionSystemExceptionArgumentSystemExceptionResource', ID = '573'
Method 'SystemVoidSystemArrayCopySystemArraySystemInt32SystemArraySystemInt32SystemInt32', ID = '574'
Method 'SystemVoidCosmosSystemFileSystemCosmosVFSInitialize', ID = '575'
Method 'SystemVoidCosmosSystemConsoleClear', ID = '576'
Method 'SystemBooleanCosmosSystemFileSystemVFSVFSManagerFileExistsSystemString', ID = '578'
Method 'CosmosSystemFileSystemListingDirectoryEntryCosmosSystemFileSystemVFSVFSManagerCreateFileSystemString', ID = '580'
Method 'SystemBytearrayCosmosCommonExtensionsByteConverterGetUtf8BytesSystemStringSystemUInt32SystemUInt32', ID = '582'
Method 'SystemStringCosmosSystemPlugsSystemIOFileImplReadAllTextSystemString', ID = '584'
Method 'SystemStringarraySystemStringSplitSystemChararraySystemStringSplitOptions', ID = '586'
Method 'SystemVoidSystemArgumentNullExceptionctorSystemString', ID = '588'
Method 'SystemObjectSystemArrayClone', ID = '590'
Method 'SystemVoidSystemEnvironmentcctor', ID = '591'
Method 'SystemInt32CosmosCorePlugsSystemStringImplget_LengthSystemInt32', ID = '592'
Method 'SystemStringCosmosCorePlugsSystemStringImplFastAllocateStringSystemInt32', ID = '593'
Method 'SystemVoidSystemIndexOutOfRangeExceptionctor', ID = '594'
Method 'SystemVoidSystemStringwstrcpySystemCharpointerSystemCharpointerSystemInt32', ID = '595'
Method 'SystemVoidSystemCollectionsGenericList1SystemCharctorSystemInt32', ID = '596'
Method 'CosmosSystemConsoleKeyExCosmosSystemKeyEventget_Key', ID = '597'
Method 'SystemInt32CosmosSystemConsoleget_X', ID = '598'
Method 'SystemVoidSystemCollectionsGenericList1SystemCharRemoveAtSystemInt32', ID = '599'
Method 'SystemVoidCosmosSystemConsoleset_XSystemInt32', ID = '600'
Method 'SystemCharSystemCollectionsGenericList1SystemCharget_ItemSystemInt32', ID = '601'
Method 'SystemVoidCosmosSystemPlugsSystemConsoleImplWriteSystemChar', ID = '602'
Method 'SystemInt32SystemCollectionsGenericList1SystemCharget_Count', ID = '603'
Method 'SystemCharCosmosSystemKeyEventget_KeyChar', ID = '604'
Method 'SystemVoidSystemCollectionsGenericList1SystemCharAddSystemChar', ID = '605'
Method 'SystemVoidSystemCollectionsGenericList1SystemCharctor', ID = '606'
Method 'CosmosSystemKeyEventCosmosSystemKeyboardManagerReadKey', ID = '607'
Method 'SystemChararraySystemCollectionsGenericList1SystemCharToArray', ID = '608'
Method 'SystemVoidCosmosCorePlugsAsmRuntimeHelpersImplInitializeArraySystemArraySystemRuntimeFieldHandle', ID = '611'
Method 'SystemStringSystemCharToStringSystemChar', ID = '613'
Method 'SystemVoidSystemArgumentOutOfRangeExceptionctorSystemStringSystemString', ID = '614'
Method 'SystemStringSystemEnvironmentGetResourceStringSystemStringSystemObjectarray', ID = '615'
Method 'SystemVoidSystemArgumentExceptionctorSystemString', ID = '616'
Method 'SystemInt32SystemStringMakeSeparatorListSystemChararraySystemInt32array', ID = '619'
Method 'SystemStringarraySystemStringInternalSplitOmitEmptyEntriesSystemInt32arraySystemInt32arraySystemInt32SystemInt32', ID = '620'
Method 'SystemStringarraySystemStringInternalSplitKeepEmptyEntriesSystemInt32arraySystemInt32arraySystemInt32SystemInt32', ID = '621'
Method 'SystemInt32SystemStringIndexOfSystemChar', ID = '623'
Method 'SystemVoidSystemFormatExceptionctor', ID = '624'
Method 'SystemCharCosmosCorePlugsSystemStringImplget_CharsSystemInt32SystemCharpointer', ID = '625'
Method 'SystemVoidCosmosSystemPlugsSystemIOFileImplDeleteSystemString', ID = '626'
Method 'SystemInt32SystemStringMakeSeparatorListSystemStringarraySystemInt32arraySystemInt32array', ID = '627'
Method 'SystemVoidCosmosHALTextScreenScrollUp', ID = '632'
Method 'SystemVoidCosmosCorePlugsAsmCPUImplDoDisableInterrupts', ID = '637'
Method 'SystemUInt32CosmosCorePlugsAsmCPUImplGetAmountOfRAM', ID = '638'
Method 'SystemStringCosmosCorePlugsSystemEnvironmentImplGetResourceFromDefaultSystemString', ID = '641'
Method 'SystemVoidCosmosCoreINTsPutErrorCharSystemInt32SystemInt32SystemChar', ID = '645'
Method 'SystemVoidCosmosCoreINTsPutErrorStringSystemInt32SystemInt32SystemString', ID = '646'
Method 'SystemVoidCosmosCoreCommonIOPortBasectorSystemUInt16', ID = '649'
Method 'SystemVoidCosmosCoreMemoryBlock08ctorSystemUInt32SystemUInt32', ID = '653'
Method 'SystemVoidCosmosCoreMemoryBlock16ctorSystemUInt32SystemUInt32', ID = '654'
Method 'SystemVoidCosmosCoreMemoryBlock32ctorSystemUInt32SystemUInt32', ID = '655'
Method 'SystemVoidCosmosHALPCIcctor', ID = '657'
Method 'SystemVoidSystemCollectionsGenericList1CosmosHALPCIDevicector', ID = '658'
Method 'SystemStringCosmosSystemPlugsSystemEnumImplToString', ID = '660'
Method 'SystemVoidCosmosHALBlockDeviceAtaPiocctor', ID = '661'
Method 'SystemStringCosmosHALBlockDeviceAtaPioToString', ID = '662'
Method 'SystemVoidCosmosHALBlockDeviceAtaPioSelectDriveSystemByte', ID = '664'
Method 'CosmosHALBlockDeviceAtaPioStatusCosmosHALBlockDeviceAtaPioSendCmdCosmosHALBlockDeviceAtaPioCmdSystemBoolean', ID = '665'
Method 'CosmosHALBlockDeviceAtaPioStatusCosmosHALBlockDeviceAtaPioSendCmdCosmosHALBlockDeviceAtaPioCmd', ID = '666'
Method 'SystemVoidCosmosCoreCommonIOPortBaseRead16SystemUInt16array', ID = '667'
Method 'SystemStringCosmosHALBlockDeviceAtaPioGetStringSystemUInt16arraySystemInt32SystemInt32', ID = '668'
Method 'SystemVoidSystemCollectionsGenericList1CosmosHALBlockDeviceBlockDevicector', ID = '669'
Method 'SystemVoidSystemCollectionsGenericList1CosmosHALBlockDeviceBlockDevicecctor', ID = '670'
Method 'SystemVoidSystemCollectionsGenericList1CosmosHALBlockDeviceBlockDeviceset_CapacitySystemInt32', ID = '671'
Method 'SystemVoidCosmosHALBlockDeviceBlockDeviceCheckDataSizeSystemBytearraySystemUInt64', ID = '673'
Method 'SystemVoidCosmosHALBlockDeviceAtaPioSelectSectorSystemUInt64SystemUInt64', ID = '674'
Method 'SystemVoidCosmosCoreCommonIOPortBaseRead8SystemBytearray', ID = '675'
Method 'SystemUInt32CosmosCommonExtensionsByteConverterToUInt32SystemBytearraySystemUInt64', ID = '677'
Method 'SystemVoidCosmosHALBlockDeviceMBRPartInfoctorSystemByteSystemUInt32SystemUInt32', ID = '678'
Method 'SystemVoidSystemCollectionsGenericList1CosmosHALBlockDeviceMBRPartInfoAddCosmosHALBlockDeviceMBRPartInfo', ID = '679'
Method 'SystemVoidCosmosHALBlockDeviceEBRPartInfoctorSystemByteSystemUInt32SystemUInt32', ID = '681'
Method 'SystemVoidSystemCollectionsGenericList1CosmosHALBlockDeviceEBRPartInfoAddCosmosHALBlockDeviceEBRPartInfo', ID = '682'
Method 'SystemVoidSystemCollectionsGenericList1CosmosHALBlockDeviceEBRPartInfocctor', ID = '683'
Method 'SystemVoidSystemCollectionsGenericList1CosmosHALBlockDeviceMBRPartInfocctor', ID = '684'
Method 'SystemVoidCosmosDebugKernelPlugsAsmDebuggerDoSendNumberSystemInt32', ID = '685'
Method 'SystemStringCosmosHALBlockDevicePartitionToString', ID = '687'
Method 'SystemVoidCosmosHALBlockDevicePartitionReadBlockSystemUInt64SystemUInt64SystemBytearray', ID = '688'
Method 'SystemVoidCosmosCoreCommonIOPortWritectorSystemUInt16', ID = '691'
Method 'SystemUInt16CosmosCoreIOGroupATAGetBAR0SystemBoolean', ID = '692'
Method 'SystemUInt16CosmosCoreIOGroupATAGetBAR1SystemBoolean', ID = '693'
Method 'SystemVoidCosmosCoreCommonIOPortWritectorSystemUInt16SystemUInt16', ID = '694'
Method 'SystemVoidCosmosCoreCommonIOPortctorSystemUInt16SystemUInt16', ID = '695'
Method 'SystemVoidCosmosCoreCommonIOPortReadctorSystemUInt16SystemUInt16', ID = '696'
Method 'SystemVoidCosmosCorePlugsAsmDelegateImplInvoke', ID = '647'
Method 'SystemVoidCosmosCoreINTsSetIntHandlerSystemByteCosmosCoreINTsIRQDelegate', ID = '700'
Method 'SystemVoidSystemCollectionsGenericList1CosmosSystemKeyMappingcctor', ID = '707'
Method 'SystemVoidSystemThrowHelperThrowInvalidOperationExceptionSystemExceptionResource', ID = '708'
Method 'SystemVoidSystemIOStreamClose', ID = '709'
Method 'SystemStringSystemThrowHelperGetArgumentNameSystemExceptionArgument', ID = '715'
Method 'SystemStringSystemThrowHelperGetResourceNameSystemExceptionResource', ID = '716'
Method 'SystemVoidSystemCollectionsGenericList1CosmosHALBlockDevicePartitionctor', ID = '718'
Method 'SystemVoidSystemCollectionsGenericList1CosmosSystemFileSystemFileSystemctor', ID = '719'
Method 'SystemVoidCosmosSystemFileSystemCosmosVFSInitializePartitions', ID = '720'
Method 'SystemInt32SystemCollectionsGenericList1CosmosHALBlockDevicePartitionget_Count', ID = '721'
Method 'SystemVoidCosmosSystemFileSystemCosmosVFSInitializeFileSystems', ID = '722'
Method 'CosmosSystemFileSystemListingDirectoryEntryCosmosSystemFileSystemVFSVFSManagerGetFileSystemString', ID = '725'
Method 'SystemVoidSystemIOStreamcctor', ID = '726'
Method 'SystemVoidCosmosSystemPlugsSystemIOFileStreamImplCtorSystemStringSystemIOFileModeSystemIOStream', ID = '730'
Method 'SystemStringCosmosCommonExtensionsByteConverterGetUtf8StringSystemBytearraySystemUInt32SystemUInt32', ID = '735'
Method 'SystemChararrayCosmosCorePlugsSystemStringImplToCharArray', ID = '736'
Method 'SystemBooleanCosmosCorePlugsSystemStringImplEqualsHelperSystemStringSystemString', ID = '737'
Method 'SystemVoidCosmosCorePlugsSystemOutOfMemoryExceptionImplCtor', ID = '740'
Method 'SystemVoidSystemBufferMemcpySystemBytepointerSystemBytepointerSystemInt32', ID = '745'
Method 'SystemVoidSystemCollectionsGenericList1SystemCharEnsureCapacitySystemInt32', ID = '748'
Method 'SystemVoidCosmosHALKeyboardBaseWaitForKey', ID = '749'
Method 'SystemInt32SystemCollectionsGenericQueue1CosmosSystemKeyEventget_Count', ID = '750'
Method 'CosmosSystemKeyEventSystemCollectionsGenericQueue1CosmosSystemKeyEventDequeue', ID = '751'
Method 'SystemVoidCosmosCorePlugsSystemStringImplCtorSystemChararraySystemStringSystemInt32SystemCharpointer', ID = '752'
Method 'SystemVoidEmptyArray1SystemStringcctor', ID = '759'
Method 'SystemBooleanSystemCharIsWhiteSpaceSystemChar', ID = '761'
Method 'SystemStringSystemStringSubstringSystemInt32SystemInt32', ID = '762'
Method 'SystemStringSystemStringSubstringSystemInt32', ID = '763'
Method 'SystemVoidCosmosCorePlugsSystemStringImplcctor', ID = '764'
Method 'SystemVoidCosmosSystemFileSystemVFSVFSManagerDeleteFileSystemString', ID = '767'
Method 'SystemInt32SystemStringCompareOrdinalSystemStringSystemInt32SystemStringSystemInt32SystemInt32', ID = '768'
Method 'SystemVoidCosmosHALTextScreenSetCursorPosSystemInt32SystemInt32', ID = '769'
Method 'SystemVoidCosmosHALTextScreenset_ItemSystemInt32SystemInt32SystemChar', ID = '770'
Method 'SystemVoidCosmosCoreMemoryBlockMoveDownSystemUInt32SystemUInt32SystemUInt32', ID = '771'
Method 'SystemVoidCosmosCoreMemoryBlockFillSystemUInt32SystemUInt32SystemUInt16', ID = '772'
Method 'SystemVoidCosmosSystemPlugsSystemTypeImplCCtor', ID = '773'
Method 'SystemStringCosmosSystemPlugsSystemTypeImplToString', ID = '774'
Method 'SystemVoidCosmosCommonStringHelpercctor', ID = '775'
Method 'SystemByteCosmosCorePlugsAsmIOPortImplRead8SystemUInt16', ID = '776'
Method 'SystemVoidCosmosCorePlugsAsmIOPortImplWrite8SystemUInt16SystemByte', ID = '777'
Method 'SystemStringCosmosSystemPlugsSystemUInt16ImplToString', ID = '781'
Method 'SystemVoidCosmosHALBlockDeviceAtaPioWait', ID = '787'
Method 'SystemByteCosmosCoreCommonIOPortReadget_Byte', ID = '790'
Method 'SystemVoidCosmosHALBlockDeviceAtaPioDebugSystemString', ID = '791'
Method 'SystemVoidCosmosHALBlockDeviceAtaPioDebugHexSystemStringSystemUInt32', ID = '792'
Method 'SystemStringCosmosSystemPlugsSystemUInt64ImplToString', ID = '796'
Method 'SystemVoidCosmosHALBlockDeviceBlockDeviceCheckBlockNoSystemUInt64SystemUInt64', ID = '797'
Method 'SystemVoidCosmosCoreCommonIOPortWriteset_WordSystemUInt16', ID = '798'
Method 'SystemVoidSystemCollectionsGenericList1CosmosHALBlockDeviceMBRPartInfoEnsureCapacitySystemInt32', ID = '799'
Method 'SystemVoidSystemCollectionsGenericList1CosmosHALBlockDeviceEBRPartInfoEnsureCapacitySystemInt32', ID = '801'
Method 'SystemVoidCosmosCoreCommonIOPortBasectorSystemUInt16SystemUInt16', ID = '802'
Method 'SystemVoidCosmosSystemScanMapsUS_StandardInitKeys', ID = '804'
Method 'SystemVoidEmptyArray1CosmosSystemKeyEventcctor', ID = '805'
Method 'SystemVoidSystemIOStreamDisposeSystemBoolean', ID = '807'
Method 'SystemVoidSystemGCSuppressFinalizeSystemObject', ID = '808'
Method 'SystemVoidCosmosCorePlugsAsmCPUImplHalt', ID = '809'
Method 'SystemVoidCosmosCorePlugsAsmArrayImplCopySystemArraySystemInt32SystemArraySystemInt32SystemInt32SystemBoolean', ID = '810'
Method 'CosmosHALBlockDeviceBlockDeviceSystemCollectionsGenericList1CosmosHALBlockDeviceBlockDeviceget_ItemSystemInt32', ID = '815'
Method 'SystemVoidSystemCollectionsGenericList1CosmosHALBlockDevicePartitionAddCosmosHALBlockDevicePartition', ID = '816'
Method 'SystemInt32SystemCollectionsGenericList1CosmosHALBlockDeviceBlockDeviceget_Count', ID = '817'
Method 'CosmosHALBlockDevicePartitionSystemCollectionsGenericList1CosmosHALBlockDevicePartitionget_ItemSystemInt32', ID = '818'
Method 'SystemStringSystemStringConcatSystemObjectSystemObjectSystemObject', ID = '819'
Method 'SystemUInt64CosmosHALBlockDeviceBlockDeviceget_BlockCount', ID = '820'
Method 'SystemCharCosmosSystemFileSystemVFSVFSBaseget_VolumeSeparatorChar', ID = '821'
Method 'SystemCharCosmosSystemFileSystemVFSVFSBaseget_DirectorySeparatorChar', ID = '822'
Method 'CosmosSystemFileSystemFileSystemTypeCosmosSystemFileSystemFileSystemGetFileSystemTypeCosmosHALBlockDevicePartition', ID = '823'
Method 'SystemVoidCosmosSystemFileSystemFATFatFileSystemctorCosmosHALBlockDevicePartitionSystemString', ID = '824'
Method 'SystemVoidSystemCollectionsGenericList1CosmosSystemFileSystemFileSystemAddCosmosSystemFileSystemFileSystem', ID = '825'
Method 'SystemInt32SystemCollectionsGenericList1CosmosSystemFileSystemFileSystemget_Count', ID = '826'
Method 'CosmosSystemFileSystemFileSystemSystemCollectionsGenericList1CosmosSystemFileSystemFileSystemget_ItemSystemInt32', ID = '827'
Method 'SystemStringCosmosSystemFileSystemFileSystemget_mRootPath', ID = '828'
Method 'SystemVoidCosmosHALTextScreenClear', ID = '831'
Method 'SystemStringCosmosSystemPlugsSystemIOPathImplGetFullPathSystemString', ID = '833'
Method 'SystemStringSystemStringRemoveSystemInt32', ID = '835'
Method 'SystemCollectionsGenericList1CosmosSystemFileSystemListingDirectoryEntryCosmosSystemFileSystemVFSVFSManagerGetDirectoryListingSystemString', ID = '837'
Method 'CosmosSystemFileSystemListingDirectoryEntrySystemCollectionsGenericList1CosmosSystemFileSystemListingDirectoryEntryget_ItemSystemInt32', ID = '838'
Method 'SystemInt32SystemCollectionsGenericList1CosmosSystemFileSystemListingDirectoryEntryget_Count', ID = '840'
Method 'SystemVoidSystemIOStreamNullStreamctor', ID = '841'
Method 'CosmosSystemFileSystemListingDirectoryEntryCosmosSystemFileSystemCosmosVFSCreateFileSystemString', ID = '843'
Method 'SystemIOStreamCosmosSystemPlugsSystemIOFileStreamImplInitializeStreamSystemStringSystemIOFileMode', ID = '846'
Method 'SystemVoidCosmosSystemPlugsSystemIOFileStreamImplWriteSystemBytearraySystemInt32SystemInt32SystemIOStream', ID = '847'
Method 'SystemUInt64CosmosCorePlugsSystemObjectImplMemberwiseClone', ID = '854'
Method 'SystemVoidSystemBufferMemmoveSystemBytepointerSystemBytepointerSystemUInt32', ID = '857'
Method 'SystemVoidSystemCollectionsGenericList1SystemCharcctor', ID = '858'
Method 'SystemVoidSystemCollectionsGenericList1SystemCharset_CapacitySystemInt32', ID = '859'
Method 'SystemStringSystemSRget_InvalidOperation_EmptyQueue', ID = '860'
Method 'SystemVoidCosmosCorePlugsSystemStringImplCtorSystemCharSystemInt32SystemStringSystemInt32SystemCharpointer', ID = '863'
Method 'SystemGlobalizationCultureInfoCosmosCorePlugsSystemGlobalizationCultureInfoImplget_CurrentCulture', ID = '865'
Method 'SystemStringCosmosCorePlugsSystemStringImplFormatSystemIFormatProviderSystemStringSystemObjectarray', ID = '867'
Method 'SystemBooleanSystemCharIsLatin1SystemChar', ID = '868'
Method 'SystemBooleanSystemCharIsWhiteSpaceLatin1SystemChar', ID = '869'
Method 'SystemBooleanSystemGlobalizationCharUnicodeInfoIsWhiteSpaceSystemChar', ID = '870'
Method 'SystemStringSystemStringInternalSubStringSystemInt32SystemInt32', ID = '871'
Method 'SystemInt32CosmosCorePlugsSystemStringImplIndexOfSystemCharSystemInt32SystemInt32', ID = '873'
Method 'SystemVoidSystemUnauthorizedAccessExceptionctorSystemString', ID = '875'
Method 'SystemVoidCosmosCoreMemoryBlock08set_ItemSystemUInt32SystemByte', ID = '878'
Method 'SystemVoidCosmosCoreMemoryOperationsFillSystemUInt16pointerSystemUInt16SystemInt32', ID = '879'
Method 'SystemVoidSystemCollectionsGenericList1CosmosHALPCIDevicecctor', ID = '885'
Method 'SystemUInt16CosmosCorePlugsAsmIOPortImplRead16SystemUInt16', ID = '886'
Method 'SystemStringCosmosCommonStringHelperGetNumberStringSystemUInt64', ID = '889'
Method 'SystemVoidSystemCollectionsGenericList1CosmosHALBlockDeviceMBRPartInfoset_CapacitySystemInt32', ID = '891'
Method 'SystemVoidSystemCollectionsGenericList1CosmosHALBlockDeviceEBRPartInfoset_CapacitySystemInt32', ID = '892'
Method 'SystemVoidSystemCollectionsGenericList1CosmosSystemKeyMappingctorSystemInt32', ID = '893'
Method 'SystemVoidCosmosSystemKeyMappingctorSystemByteCosmosSystemConsoleKeyEx', ID = '894'
Method 'SystemVoidSystemCollectionsGenericList1CosmosSystemKeyMappingAddCosmosSystemKeyMapping', ID = '895'
Method 'SystemVoidCosmosSystemKeyMappingctorSystemByteSystemCharSystemCharSystemCharSystemCharSystemCharSystemCharCosmosSystemConsoleKeyEx', ID = '896'
Method 'SystemVoidCosmosSystemKeyMappingctorSystemByteSystemCharCosmosSystemConsoleKeyEx', ID = '897'
Method 'SystemVoidCosmosSystemKeyMappingctorSystemByteSystemCharSystemCharSystemCharSystemCharSystemCharSystemCharCosmosSystemConsoleKeyExCosmosSystemConsoleKeyEx', ID = '898'
Method 'SystemVoidSystemCollectionsGenericList1CosmosHALBlockDevicePartitioncctor', ID = '903'
Method 'SystemVoidSystemCollectionsGenericList1CosmosSystemFileSystemFileSystemcctor', ID = '904'
Method 'SystemVoidSystemCollectionsGenericList1CosmosHALBlockDevicePartitionEnsureCapacitySystemInt32', ID = '905'
Method 'SystemBooleanCosmosSystemFileSystemFATFatFileSystemIsDeviceFatCosmosHALBlockDevicePartition', ID = '908'
Method 'SystemVoidCosmosSystemFileSystemFileSystemctorCosmosHALBlockDevicePartitionSystemString', ID = '910'
Method 'CosmosHALBlockDevicePartitionCosmosSystemFileSystemFileSystemget_mDevice', ID = '911'
Method 'SystemBytearrayCosmosHALBlockDeviceBlockDeviceNewBlockArraySystemUInt32', ID = '912'
Method 'SystemUInt16CosmosCommonExtensionsByteConverterToUInt16SystemBytearraySystemUInt64', ID = '913'
Method 'SystemVoidCosmosSystemFileSystemFATFatFileSystemFatctorCosmosSystemFileSystemFATFatFileSystemSystemUInt64', ID = '915'
Method 'SystemVoidSystemCollectionsGenericList1CosmosSystemFileSystemFileSystemEnsureCapacitySystemInt32', ID = '916'
Method 'SystemVoidCosmosSystemFileSystemFATFatFileSystemDisplayFileSystemInfo', ID = '917'
Method 'SystemVoidCosmosSystemPlugsSystemIODirectoryImplSetCurrentDirectorySystemString', ID = '919'
Method 'SystemVoidCosmosCoreMemoryBlockFillSystemUInt16', ID = '920'
Method 'SystemVoidSystemIOPathcctor', ID = '921'
Method 'SystemStringCosmosSystemPlugsSystemIOPathImplNormalizePathSystemStringSystemBoolean', ID = '923'
Method 'SystemStringCosmosSystemPlugsSystemIOPathImplGetFileNameSystemString', ID = '924'
Method 'SystemStringCosmosCorePlugsSystemStringImplToUpper', ID = '927'
Method 'SystemVoidSystemIOStreamctor', ID = '929'
Method 'CosmosSystemFileSystemFileSystemCosmosSystemFileSystemCosmosVFSGetFileSystemFromPathSystemString', ID = '932'
Method 'SystemIOStreamCosmosSystemFileSystemVFSVFSManagerGetFileStreamSystemString', ID = '934'
Method 'SystemInt64CosmosSystemPlugsSystemIOFileStreamImplget_LengthSystemIOStream', ID = '936'
Method 'SystemInt32CosmosSystemPlugsSystemIOFileStreamImplReadSystemBytearraySystemInt32SystemInt32SystemIOStream', ID = '937'
Method 'SystemVoidCosmosCorePlugsSystemStringImplCtorSystemChararraySystemInt32SystemInt32SystemStringSystemInt32SystemCharpointer', ID = '938'
Method 'SystemInt32CosmosCorePlugsSystemStringImplCompareToSystemString', ID = '939'
Method 'SystemVoidSystemBuffer_MemmoveSystemBytepointerSystemBytepointerSystemUInt32', ID = '940'
Method 'SystemStringSystemSRGetResourceStringSystemStringSystemString', ID = '942'
Method 'SystemStringSystemGlobalizationCultureInfoToString', ID = '944'
Method 'SystemStringCosmosCorePlugsSystemStringImplFormatHelperSystemIFormatProviderSystemStringSystemObjectarray', ID = '946'
Method 'SystemGlobalizationUnicodeCategorySystemGlobalizationCharUnicodeInfoGetUnicodeCategorySystemChar', ID = '948'
Method 'CosmosSystemFileSystemListingDirectoryEntryCosmosSystemFileSystemCosmosVFSGetFileSystemString', ID = '949'
Method 'SystemBooleanCosmosSystemFileSystemCosmosVFSDeleteFileCosmosSystemFileSystemListingDirectoryEntry', ID = '951'
Method 'SystemInt32CosmosCorePlugsSystemStringImplnativeCompareOrdinalExSystemStringSystemInt32SystemStringSystemInt32SystemInt32', ID = '952'
Method 'SystemVoidCosmosCorePlugsAsmIOPortImplWrite16SystemUInt16SystemUInt16', ID = '957'
Method 'SystemVoidSystemCollectionsGenericList1CosmosSystemKeyMappingEnsureCapacitySystemInt32', ID = '958'
Method 'SystemVoidCosmosSystemKeyMappingctorSystemByteSystemCharSystemCharSystemCharSystemCharSystemCharSystemCharSystemCharSystemCharSystemCharSystemCharCosmosSystemConsoleKeyEx', ID = '959'
Method 'SystemVoidCosmosSystemKeyMappingctorSystemByteSystemCharSystemCharSystemCharSystemCharSystemCharSystemCharSystemCharCosmosSystemConsoleKeyExCosmosSystemConsoleKeyEx', ID = '960'
Method 'SystemVoidCosmosSystemPlugsSystemIOFileStreamImplDisposeSystemBooleanSystemIOStream', ID = '961'
Method 'SystemVoidCosmosCorePlugsSystemGCImpl_SuppressFinalizeSystemObject', ID = '962'
Method 'SystemVoidSystemCollectionsGenericList1CosmosHALBlockDevicePartitionset_CapacitySystemInt32', ID = '963'
Method 'SystemVoidSystemCollectionsGenericList1CosmosSystemFileSystemFileSystemset_CapacitySystemInt32', ID = '964'
Method 'SystemBooleanCosmosSystemPlugsSystemIOPathImplIsRelativeSystemString', ID = '974'
Method 'SystemBooleanCosmosSystemPlugsSystemIOPathImplIsDirectorySeparatorSystemChar', ID = '976'
Method 'SystemVoidCosmosSystemPlugsSystemIOPathImplCheckInvalidPathCharsSystemStringSystemBoolean', ID = '977'
Method 'SystemVoidSystemCollectionsGenericList1CosmosSystemFileSystemListingDirectoryEntrycctor', ID = '978'
Method 'SystemCollectionsGenericList1CosmosSystemFileSystemListingDirectoryEntryCosmosSystemFileSystemCosmosVFSGetDirectoryListingSystemString', ID = '979'
Method 'SystemStringCosmosCorePlugsSystemStringImplChangeCasingSystemStringSystemInt32SystemInt32SystemInt32', ID = '980'
Method 'SystemVoidSystemIOStreamNullStreamWriteSystemBytearraySystemInt32SystemInt32', ID = '981'
Method 'SystemInt64SystemIOStreamNullStreamget_Length', ID = '982'
Method 'SystemInt32SystemIOStreamNullStreamReadSystemBytearraySystemInt32SystemInt32', ID = '983'
Method 'CosmosSystemFileSystemListingDirectoryEntryCosmosSystemFileSystemCosmosVFSGetDirectorySystemString', ID = '984'
Method 'CosmosSystemFileSystemListingDirectoryEntryCosmosSystemFileSystemCosmosVFSCreateDirectorySystemString', ID = '985'
Method 'CosmosSystemFileSystemListingDirectoryEntryCosmosSystemFileSystemFATFatFileSystemCreateFileCosmosSystemFileSystemListingDirectoryEntrySystemString', ID = '987'
Method 'SystemStringCosmosSystemPlugsSystemInt64ImplToString', ID = '989'
Method 'SystemResourcesResourceManagerSystemSRget_ResourceManager', ID = '991'
Method 'SystemVoidCosmosCorePlugsSystemGlobalizationCultureInfoImplCCtor', ID = '994'
Method 'SystemVoidSystemFormatExceptionctorSystemString', ID = '995'
Method 'SystemInt32CosmosCommonStringHelperGetStringToNumberSystemString', ID = '996'
Method 'SystemBooleanSystemCharIsDigitSystemChar', ID = '997'
Method 'SystemVoidSystemGlobalizationCharUnicodeInfocctor', ID = '998'
Method 'SystemGlobalizationUnicodeCategorySystemGlobalizationCharUnicodeInfoInternalGetUnicodeCategorySystemInt32', ID = '1000'
Method 'CosmosSystemFileSystemListingDirectoryEntryCosmosSystemFileSystemCosmosVFSDoGetDirectoryEntrySystemStringCosmosSystemFileSystemFileSystem', ID = '1001'
Method 'SystemInt32SystemMathMinSystemInt32SystemInt32', ID = '1003'
Method 'SystemVoidCosmosCorePlugsMemoryOperationsMemoryOperationsImplFillSystemBytepointerSystemInt32SystemInt32', ID = '1004'
Method 'SystemVoidSystemCollectionsGenericList1CosmosSystemKeyMappingset_CapacitySystemInt32', ID = '1005'
Method 'SystemVoidCosmosSystemKeyMappingctorSystemByteSystemCharSystemCharSystemCharSystemCharSystemCharSystemCharSystemCharSystemCharSystemCharSystemCharCosmosSystemConsoleKeyExCosmosSystemConsoleKeyEx', ID = '1006'
Method 'SystemVoidCosmosSystemPlugsSystemIODirectoryImplcctor', ID = '1008'
Method 'SystemStringCosmosSystemPlugsSystemIODirectoryImplGetCurrentDirectory', ID = '1009'
Method 'SystemChararrayCosmosSystemFileSystemVFSVFSManagerGetRealInvalidPathChars', ID = '1010'
Method 'SystemStringCosmosSystemPlugsSystemIOPathImplGetPathRootSystemString', ID = '1015'
Method 'CosmosSystemFileSystemFATListingFatDirectoryEntryCosmosSystemFileSystemFATListingFatDirectoryEntryAddDirectoryEntrySystemStringCosmosSystemFileSystemListingDirectoryEntryTypeEnum', ID = '1017'
Method 'SystemIOStreamCosmosSystemFileSystemFATListingFatDirectoryEntryGetFileStream', ID = '1018'
Method 'SystemStringCosmosCommonStringHelperGetNumberStringSystemInt64', ID = '1021'
Method 'SystemVoidCosmosCorePlugsSystemBufferImpl__MemmoveSystemBytepointerSystemBytepointerSystemUInt32', ID = '1022'
Method 'SystemTypeSystemSRget_ResourceType', ID = '1025'
Method 'SystemStringCosmosCorePlugsSystemResourcesResourceManagerImplGetStringSystemString', ID = '1027'
Method 'SystemBooleanCosmosCorePlugsSystemStringImplEqualsSystemStringSystemStringComparison', ID = '1029'
Method 'SystemBooleanSystemStringIsNullOrWhiteSpaceSystemString', ID = '1030'
Method 'SystemByteSystemGlobalizationCharUnicodeInfoInternalGetCategoryValueSystemInt32SystemInt32', ID = '1033'
Method 'SystemStringarrayCosmosSystemFileSystemVFSVFSManagerSplitPathSystemString', ID = '1034'
Method 'CosmosSystemFileSystemListingDirectoryEntryCosmosSystemFileSystemCosmosVFSGetVolumeCosmosSystemFileSystemFileSystem', ID = '1035'
Method 'SystemStringSystemStringToLower', ID = '1036'
Method 'SystemVoidCosmosSystemFileSystemFATFatFileSystemDeleteFileCosmosSystemFileSystemListingDirectoryEntry', ID = '1037'
Method 'SystemCollectionsGenericList1CosmosSystemFileSystemListingDirectoryEntryCosmosSystemFileSystemFATFatFileSystemGetDirectoryListingCosmosSystemFileSystemListingDirectoryEntry', ID = '1042'
Method 'SystemBooleanCosmosSystemPlugsSystemIODirectoryImplExistsSystemString', ID = '1043'
Method 'CosmosSystemFileSystemListingDirectoryEntryCosmosSystemFileSystemFATFatFileSystemCreateDirectoryCosmosSystemFileSystemListingDirectoryEntrySystemString', ID = '1044'
Method 'SystemInt32CosmosSystemPlugsSystemIOPathImplGetRootLengthSystemString', ID = '1045'
Method 'CosmosSystemFileSystemFATFatFileSystemFatCosmosSystemFileSystemFATFatFileSystemGetFatSystemInt32', ID = '1048'
Method 'SystemUInt32CosmosSystemFileSystemFATFatFileSystemFatGetNextUnallocatedFatEntry', ID = '1049'
Method 'SystemUInt32CosmosSystemFileSystemFATListingFatDirectoryEntryGetNextUnallocatedDirectoryEntry', ID = '1050'
Method 'SystemVoidCosmosSystemFileSystemFATListingFatDirectoryEntryctorCosmosSystemFileSystemFATFatFileSystemCosmosSystemFileSystemFATListingFatDirectoryEntrySystemStringSystemF1F0F3C3B2C9F29A1A436F08CC89B07B', ID = '1051'
Method 'SystemVoidCosmosSystemFileSystemFATListingFatDirectoryEntryAllocateDirectoryEntry', ID = '1052'
Method 'SystemVoidCosmosSystemFileSystemFATFatStreamctorCosmosSystemFileSystemFATListingFatDirectoryEntry', ID = '1053'
Method 'SystemVoidCosmosCorePlugsSystemResourcesResourceManagerImplCtorSystemType', ID = '1058'
Method 'SystemBooleanCosmosCorePlugsSystemCharUnicodeInfoImplInitTable', ID = '1060'
Method 'SystemChararrayCosmosSystemFileSystemVFSVFSManagerGetDirectorySeparators', ID = '1063'
Method 'SystemUInt32arrayCosmosSystemFileSystemFATListingFatDirectoryEntryGetFatTable', ID = '1066'
Method 'SystemVoidCosmosSystemFileSystemFATFatFileSystemFatClearFatEntrySystemUInt64', ID = '1067'
Method 'SystemVoidCosmosSystemFileSystemFATListingFatDirectoryEntryDeleteDirectoryEntry', ID = '1068'
Method 'SystemVoidSystemMathcctor', ID = '1069'
Method 'SystemVoidCosmosCorePlugsMemoryOperationsMemoryOperationsImplFill16BlocksSystemBytepointerSystemInt32SystemInt32', ID = '1070'
Method 'SystemVoidSystemCollectionsGenericList1CosmosSystemFileSystemListingDirectoryEntryctor', ID = '1071'
Method 'SystemCollectionsGenericList1CosmosSystemFileSystemFATListingFatDirectoryEntryCosmosSystemFileSystemFATListingFatDirectoryEntryReadDirectoryContents', ID = '1072'
Method 'CosmosSystemFileSystemFATListingFatDirectoryEntrySystemCollectionsGenericList1CosmosSystemFileSystemFATListingFatDirectoryEntryget_ItemSystemInt32', ID = '1073'
Method 'SystemVoidSystemCollectionsGenericList1CosmosSystemFileSystemListingDirectoryEntryAddCosmosSystemFileSystemListingDirectoryEntry', ID = '1074'
Method 'SystemInt32SystemCollectionsGenericList1CosmosSystemFileSystemFATListingFatDirectoryEntryget_Count', ID = '1075'
Method 'SystemBooleanCosmosSystemFileSystemVFSVFSManagerDirectoryExistsSystemString', ID = '1076'
Method 'SystemCharCosmosSystemFileSystemVFSVFSManagerGetVolumeSeparatorChar', ID = '1077'
Method 'SystemStringCosmosSystemPlugsSystemIOPathImplCombineSystemStringSystemString', ID = '1078'
Method 'SystemUInt32CosmosSystemFileSystemFATFatFileSystemFatGetFatEntrySizeInBytes', ID = '1079'
Method 'SystemVoidCosmosSystemFileSystemFATFatFileSystemFatGetFatEntrySystemUInt32SystemUInt32', ID = '1080'
Method 'SystemBooleanCosmosSystemFileSystemFATFatFileSystemFatFatEntryIsEofSystemUInt64', ID = '1081'
Method 'SystemBytearrayCosmosSystemFileSystemFATListingFatDirectoryEntryGetDirectoryEntryData', ID = '1082'
Method 'SystemVoidCosmosSystemFileSystemListingDirectoryEntryctorCosmosSystemFileSystemFileSystemCosmosSystemFileSystemListingDirectoryEntrySystemStringSystemStringSystemInt64CF93FD9EBFA1014BD1A29AA4B98F76139', ID = '1083'
Method 'SystemVoidCosmosSystemFileSystemFATListingFatDirectoryEntrySetDirectoryEntryMetadataValueCosmosSystemFileSystemFATListingFatDirectoryEntryMetadataSystemString', ID = '1087'
Method 'SystemVoidCosmosSystemFileSystemFATListingFatDirectoryEntrySetDirectoryEntryMetadataValueCosmosSystemFileSystemFATListingFatDirectoryEntryMetadataSystemUInt32', ID = '1089'
Method 'CosmosSystemFileSystemFATFatFileSystemCosmosSystemFileSystemFATListingFatDirectoryEntryGetFileSystem', ID = '1093'
Method 'SystemVoidCosmosCorePlugsSystemResourcesResourceManagerImplCCtor', ID = '1094'
Method 'SystemTypeCosmosSystemPlugsSystemTypeImplGetTypeFromHandleSystemRuntimeTypeHandle', ID = '1096'
Method 'SystemCharCosmosSystemFileSystemVFSVFSManagerGetDirectorySeparatorChar', ID = '1098'
Method 'SystemCharCosmosSystemFileSystemVFSVFSManagerGetAltDirectorySeparatorChar', ID = '1099'
Method 'CosmosSystemFileSystemListingDirectoryEntryCosmosSystemFileSystemFATFatFileSystemGetRootDirectory', ID = '1100'
Method 'SystemStringCosmosCorePlugsSystemStringImplToLowerSystemGlobalizationCultureInfo', ID = '1101'
Method 'SystemUInt32arrayCosmosSystemFileSystemFATFatFileSystemFatGetFatChainSystemUInt32SystemInt64', ID = '1102'
Method 'SystemVoidCosmosSystemFileSystemFATFatFileSystemFatSetFatEntrySystemUInt64SystemUInt64', ID = '1103'
Method 'SystemVoidCosmosSystemFileSystemFATListingFatDirectoryEntrySetDirectoryEntryDataSystemBytearray', ID = '1104'
Method 'SystemVoidSystemCollectionsGenericList1CosmosSystemFileSystemFATListingFatDirectoryEntryctor', ID = '1111'
Method 'SystemStringCosmosCommonExtensionsByteConverterGetUtf16StringSystemBytearraySystemUInt32SystemUInt32', ID = '1112'
Method 'SystemStringSystemStringTrim', ID = '1113'
Method 'SystemStringCosmosCommonExtensionsByteConverterGetAsciiStringSystemBytearraySystemUInt32SystemUInt32', ID = '1114'
Method 'SystemChararraySystemArrayEmptySystemChar', ID = '1115'
Method 'SystemStringSystemStringTrimEndSystemChararray', ID = '1116'
Method 'SystemVoidSystemCollectionsGenericList1CosmosSystemFileSystemFATListingFatDirectoryEntryAddCosmosSystemFileSystemFATListingFatDirectoryEntry', ID = '1117'
Method 'SystemVoidSystemCollectionsGenericList1CosmosSystemFileSystemListingDirectoryEntryEnsureCapacitySystemInt32', ID = '1118'
Method 'CosmosSystemFileSystemListingDirectoryEntryCosmosSystemFileSystemVFSVFSManagerGetDirectorySystemString', ID = '1119'
Method 'SystemStringCosmosSystemPlugsSystemIOPathImplCombineNoChecksSystemStringSystemString', ID = '1120'
Method 'SystemVoidSystemNotSupportedExceptionctorSystemString', ID = '1121'
Method 'SystemBytearrayCosmosSystemFileSystemFATFatFileSystemNewBlockArray', ID = '1122'
Method 'SystemVoidCosmosSystemFileSystemFATFatFileSystemFatReadFatSectorSystemUInt64SystemBytearray', ID = '1123'
Method 'SystemVoidCosmosSystemFileSystemFATFatFileSystemReadSystemInt64SystemBytearraySystemInt64SystemInt64', ID = '1124'
Method 'SystemVoidCosmosSystemFileSystemFATListingFatDirectoryEntryMetadatacctor', ID = '1125'
Method 'SystemVoidCosmosCommonExtensionsByteConverterSetUInt32SystemBytearraySystemUInt64SystemUInt32', ID = '1126'
Method 'SystemVoidCosmosSystemFileSystemFATFatStreamWriteSystemBytearraySystemInt32SystemInt32', ID = '1127'
Method 'SystemInt64CosmosSystemFileSystemFATFatStreamget_Length', ID = '1128'
Method 'SystemInt32CosmosSystemFileSystemFATFatStreamReadSystemBytearraySystemInt32SystemInt32', ID = '1129'
Method 'SystemVoidCosmosSystemFileSystemFATListingFatDirectoryEntryctorCosmosSystemFileSystemFATFatFileSystemCosmosSystemFileSystemFATListingFatDirectoryEntrySystemStringSystemStringSystemUInt32', ID = '1130'
Method 'SystemVoidSystemArrayResizeSystemUInt32SystemUInt32arraySystemInt32', ID = '1131'
Method 'SystemUInt64CosmosSystemFileSystemFATFatFileSystemFatFatEntryEofValue', ID = '1132'
Method 'SystemVoidCosmosCommonExtensionsByteConverterSetUInt16SystemBytearraySystemUInt64SystemUInt16', ID = '1133'
Method 'SystemVoidCosmosSystemFileSystemFATFatFileSystemFatWriteFatSectorSystemUInt64SystemBytearray', ID = '1134'
Method 'SystemVoidCosmosSystemFileSystemFATFatFileSystemWriteSystemInt64SystemBytearraySystemInt64SystemInt64', ID = '1135'
Method 'SystemVoidSystemDoublecctor', ID = '1136'
Method 'SystemVoidSystemCollectionsGenericList1CosmosSystemFileSystemFATListingFatDirectoryEntrycctor', ID = '1138'
Method 'SystemStringSystemStringTrimHelperSystemInt32', ID = '1140'
Method 'SystemStringSystemStringTrimHelperSystemChararraySystemInt32', ID = '1143'
Method 'SystemVoidSystemCollectionsGenericList1CosmosSystemFileSystemFATListingFatDirectoryEntryEnsureCapacitySystemInt32', ID = '1144'
Method 'SystemVoidSystemCollectionsGenericList1CosmosSystemFileSystemListingDirectoryEntryset_CapacitySystemInt32', ID = '1145'
Method 'SystemBooleanCosmosSystemPlugsSystemIOPathImplIsPathRootedSystemString', ID = '1146'
Method 'SystemVoidCosmosSystemFileSystemFATListingFatDirectoryEntryMetadatactorSystemUInt32SystemUInt32', ID = '1149'
Method 'SystemVoidSystemNullable1SystemInt32ctorSystemInt32', ID = '1160'
Method 'SystemInt32SystemNullable1SystemInt32GetValueOrDefault', ID = '1161'
Method 'SystemBooleanSystemNullable1SystemInt32get_HasValue', ID = '1162'
Method 'SystemDoubleSystemBitConverterInt64BitsToDoubleSystemInt64', ID = '1165'
Method 'SystemStringCosmosSystemPlugsSystemDoubleImplToString', ID = '1167'
Method 'SystemStringSystemStringCreateTrimmedStringSystemInt32SystemInt32', ID = '1168'
Method 'SystemVoidEmptyArray1SystemCharcctor', ID = '1169'
Method 'SystemVoidSystemCollectionsGenericList1CosmosSystemFileSystemFATListingFatDirectoryEntryset_CapacitySystemInt32', ID = '1170'
Method 'SystemVoidSystemIOStreamNullStreamSetLengthSystemInt64', ID = '1172'
Method 'SystemVoidCosmosSystemFileSystemFATFatStreamSetLengthSystemInt64', ID = '1173'
Method 'SystemStringSystemNullable1SystemInt32ToString', ID = '1174'
Method 'SystemVoidCosmosHALBlockDeviceAtaPioWriteBlockSystemUInt64SystemUInt64SystemBytearray', ID = '1175'
Method 'SystemVoidCosmosHALBlockDevicePartitionWriteBlockSystemUInt64SystemUInt64SystemBytearray', ID = '1176'
Method 'SystemStringCosmosCommonStringHelperGetNumberStringSystemDouble', ID = '1180'
Method 'SystemVoidCosmosSystemPlugsSystemIOFileStreamImplSetLengthSystemInt64SystemIOStream', ID = '1181'
Method 'SystemVoidCosmosCoreCommonIOPortset_WordSystemUInt16', ID = '1183'
Method 'SystemVoidSystemBitConvertercctor', ID = '1184'
Method 'SystemInt64SystemBitConverterDoubleToInt64BitsSystemDouble', ID = '1185'
Method 'SystemVoidCosmosSystemFileSystemFATListingFatDirectoryEntrySetSizeSystemInt64', ID = '1186'
Method 'SystemVoidCosmosSystemFileSystemFATListingFatDirectoryEntrySetDirectoryEntryMetadataValueCosmosSystemFileSystemFATListingFatDirectoryEntryMetadataSystemInt64', ID = '1188'
ringSystemNullable1SystemInt32ToString', ID = '1194'
Method 'SystemStringCosmosCommonStringHelperGetNumberStringSystemDouble', ID = '1198'
Method 'SystemVoidCosmosCoreCommonIOPortset_WordSystemUInt16', ID = '1199'
Method 'SystemVoidCosmosSystemPlugsSystemIOFileStreamImplSetLengthSystemInt64SystemIOStream', ID = '1200'
Method 'SystemVoidSystemBitConvertercctor', ID = '1202'
Method 'SystemInt64SystemBitConverterDoubleToInt64BitsSystemDouble', ID = '1203'
Method 'SystemVoidCosmosSystemFileSystemFATListingFatDirectoryEntrySetSizeSystemInt64', ID = '1204'
Method 'SystemVoidCosmosSystemFileSystemFATListingFatDirectoryEntrySetDirectoryEntryMetadataValueCosmosSystemFileSystemFATListingFatDirectoryEntryMetadataSystemInt64', ID = '1206'
